2017-06-19 12:40:22,186 INFO  [Log] Password text box found 
2017-06-19 12:40:22,285 INFO  [Log] Submit button found 
2017-06-19 12:40:26,385 INFO  [Log] Submit button found 
2017-06-19 12:40:47,347 INFO  [Log] Number of courses	:     21 
2017-06-19 12:41:07,636 INFO  [Log] language: English 
2017-06-19 12:41:21,711 INFO  [Log] No packet tracer found 
2017-06-19 13:11:26,780 INFO  [Log] Password text box found 
2017-06-19 13:11:26,897 INFO  [Log] Submit button found 
2017-06-19 13:11:31,007 INFO  [Log] Submit button found 
2017-06-19 13:11:50,807 INFO  [Log] Number of courses	:     21 
2017-06-19 13:12:11,107 INFO  [Log] language: English 
2017-06-19 13:12:25,197 INFO  [Log] No packet tracer found 
2017-06-19 15:16:50,762 INFO  [Log] Password text box found 
2017-06-19 15:16:50,865 INFO  [Log] Submit button found 
2017-06-19 15:16:54,971 INFO  [Log] Submit button found 
2017-06-19 15:17:19,928 INFO  [Log] Number of courses	:     21 
2017-06-19 15:17:40,180 INFO  [Log] language: English 
2017-06-19 15:17:54,135 INFO  [Log] No packet tracer found 
2017-06-19 15:49:31,106 INFO  [Log] Password text box found 
2017-06-19 15:49:31,198 INFO  [Log] Submit button found 
2017-06-19 15:49:35,310 INFO  [Log] Submit button found 
2017-06-19 15:49:56,292 INFO  [Log] Number of courses	:     21 
2017-06-19 15:50:20,758 INFO  [Log] language: English 
2017-06-19 15:51:00,763 INFO  [Log] Password text box found 
2017-06-19 15:51:00,966 INFO  [Log] Submit button found 
2017-06-19 15:51:05,136 INFO  [Log] Submit button found 
2017-06-19 15:51:24,858 INFO  [Log] Number of courses	:     21 
2017-06-19 15:51:49,496 INFO  [Log] language: English 
2017-06-19 15:51:57,681 INFO  [Log] Select Save File: 
2017-06-19 15:59:08,018 INFO  [Log] Password text box found 
2017-06-19 15:59:08,117 INFO  [Log] Submit button found 
2017-06-19 15:59:12,230 INFO  [Log] Submit button found 
2017-06-19 15:59:43,657 INFO  [Log] Number of courses	:     21 
2017-06-19 16:00:08,087 INFO  [Log] language: English 
2017-06-19 16:00:16,474 INFO  [Log] Select Save File: 
2017-06-19 16:15:20,640 INFO  [Log] Password text box found 
2017-06-19 16:15:20,740 INFO  [Log] Submit button found 
2017-06-19 16:15:24,849 INFO  [Log] Submit button found 
2017-06-19 16:15:41,880 INFO  [Log] Number of courses	:     21 
2017-06-19 16:16:05,337 INFO  [Log] language: English 
2017-06-19 16:16:16,305 INFO  [Log] Select Save File: 
2017-06-19 16:24:33,711 INFO  [Log] Password text box found 
2017-06-19 16:24:33,812 INFO  [Log] Submit button found 
2017-06-19 16:24:37,920 INFO  [Log] Submit button found 
2017-06-19 16:24:53,944 INFO  [Log] Number of courses	:     21 
2017-06-19 16:25:14,216 INFO  [Log] language: English 
2017-06-19 16:25:21,326 INFO  [Log] Select Save File: 
2017-06-19 16:37:13,108 INFO  [Log] Password text box found 
2017-06-19 16:37:13,204 INFO  [Log] Submit button found 
2017-06-19 16:37:17,310 INFO  [Log] Submit button found 
2017-06-19 16:37:39,323 INFO  [Log] Number of courses	:     21 
2017-06-19 16:38:01,694 INFO  [Log] language: English 
2017-06-19 16:38:08,841 INFO  [Log] Select Save File: 
2017-06-19 16:42:29,618 INFO  [Log] Password text box found 
2017-06-19 16:42:29,718 INFO  [Log] Submit button found 
2017-06-19 16:42:33,827 INFO  [Log] Submit button found 
2017-06-19 16:42:55,109 INFO  [Log] Number of courses	:     21 
2017-06-19 16:43:17,019 INFO  [Log] language: English 
2017-06-19 16:43:24,401 INFO  [Log] Select Save File: 
2017-06-19 16:50:17,215 INFO  [Log] Password text box found 
2017-06-19 16:50:17,312 INFO  [Log] Submit button found 
2017-06-19 16:50:21,427 INFO  [Log] Submit button found 
2017-06-19 16:50:39,754 INFO  [Log] Number of courses	:     21 
2017-06-19 16:51:00,021 INFO  [Log] language: English 
2017-06-19 16:51:07,257 INFO  [Log] Select Save File: 
2017-06-21 12:21:39,615 INFO  [Log] Password text box found 
2017-06-21 12:21:39,718 INFO  [Log] Submit button found 
2017-06-21 12:21:43,826 INFO  [Log] Submit button found 
2017-06-21 12:22:04,652 INFO  [Log] Number of courses	:     21 
2017-06-21 12:22:24,942 INFO  [Log] language: English 
2017-06-21 12:22:32,508 INFO  [Log] Select Save File: 
2017-06-21 12:25:29,029 INFO  [Log] Password text box found 
2017-06-21 12:25:29,132 INFO  [Log] Submit button found 
2017-06-21 12:25:33,236 INFO  [Log] Submit button found 
2017-06-21 12:25:54,885 INFO  [Log] Number of courses	:     21 
2017-06-21 12:26:15,634 INFO  [Log] language: English 
2017-06-21 12:26:22,712 INFO  [Log] Select Save File: 
2017-06-21 12:31:35,383 INFO  [Log] Password text box found 
2017-06-21 12:31:35,492 INFO  [Log] Submit button found 
2017-06-21 12:31:39,586 INFO  [Log] Submit button found 
2017-06-21 12:31:57,895 INFO  [Log] Number of courses	:     21 
2017-06-21 12:32:18,181 INFO  [Log] language: English 
2017-06-21 12:32:25,196 INFO  [Log] Select Save File: 
2017-06-21 12:37:27,512 INFO  [Log] Password text box found 
2017-06-21 12:37:27,611 INFO  [Log] Submit button found 
2017-06-21 12:37:31,707 INFO  [Log] Submit button found 
2017-06-21 12:37:47,503 INFO  [Log] Number of courses	:     21 
2017-06-21 12:38:08,916 INFO  [Log] language: English 
2017-06-21 12:38:16,548 INFO  [Log] Select Save File: 
2017-06-21 12:58:23,859 INFO  [Log] Password text box found 
2017-06-21 12:58:23,956 INFO  [Log] Submit button found 
2017-06-21 12:58:28,056 INFO  [Log] Submit button found 
2017-06-21 12:58:45,459 INFO  [Log] Number of courses	:     21 
2017-06-21 12:59:05,713 INFO  [Log] language: English 
2017-06-21 12:59:12,770 INFO  [Log] Select Save File: 
2017-06-21 13:10:28,236 INFO  [Log] Password text box found 
2017-06-21 13:10:28,339 INFO  [Log] Submit button found 
2017-06-21 13:10:32,449 INFO  [Log] Submit button found 
2017-06-21 13:11:08,984 INFO  [Log] Number of courses	:     21 
2017-06-21 13:11:29,884 INFO  [Log] language: English 
2017-06-21 13:11:40,323 INFO  [Log] Select Save File: 
2017-06-21 13:13:48,903 INFO  [Log] Password text box found 
2017-06-21 13:13:49,004 INFO  [Log] Submit button found 
2017-06-21 13:13:53,107 INFO  [Log] Submit button found 
2017-06-21 13:14:11,540 INFO  [Log] Number of courses	:     21 
2017-06-21 13:14:32,371 INFO  [Log] language: English 
2017-06-21 13:14:39,730 INFO  [Log] Select Save File: 
2017-06-21 14:45:48,033 INFO  [Log] Password text box found 
2017-06-21 14:45:48,136 INFO  [Log] Submit button found 
2017-06-21 14:45:52,249 INFO  [Log] Submit button found 
2017-06-21 14:46:11,140 INFO  [Log] Number of courses	:     21 
2017-06-21 14:46:31,421 INFO  [Log] language: English 
2017-06-21 14:46:38,639 INFO  [Log] Select Save File: 
2017-06-21 14:50:19,683 INFO  [Log] Password text box found 
2017-06-21 14:50:19,787 INFO  [Log] Submit button found 
2017-06-21 14:50:23,899 INFO  [Log] Submit button found 
2017-06-21 14:50:45,630 INFO  [Log] Number of courses	:     21 
2017-06-21 14:51:05,987 INFO  [Log] language: English 
2017-06-21 14:51:13,597 INFO  [Log] Select Save File: 
2017-06-21 14:56:56,767 INFO  [Log] Password text box found 
2017-06-21 14:56:56,863 INFO  [Log] Submit button found 
2017-06-21 14:57:00,960 INFO  [Log] Submit button found 
2017-06-21 14:57:18,021 INFO  [Log] Number of courses	:     21 
2017-06-21 14:57:38,274 INFO  [Log] language: English 
2017-06-21 14:57:46,585 INFO  [Log] Select Save File: 
2017-06-21 15:03:35,005 INFO  [Log] Password text box found 
2017-06-21 15:03:35,110 INFO  [Log] Submit button found 
2017-06-21 15:03:39,229 INFO  [Log] Submit button found 
2017-06-21 15:04:01,253 INFO  [Log] Number of courses	:     21 
2017-06-21 15:04:21,783 INFO  [Log] language: English 
2017-06-21 15:04:29,670 INFO  [Log] Select Save File: 
2017-06-21 15:20:45,103 INFO  [Log] Password text box found 
2017-06-21 15:20:45,199 INFO  [Log] Submit button found 
2017-06-21 15:20:49,320 INFO  [Log] Submit button found 
2017-06-21 15:21:07,341 INFO  [Log] Number of courses	:     21 
2017-06-21 15:21:27,602 INFO  [Log] language: English 
2017-06-21 15:21:34,904 INFO  [Log] Select Save File: 
2017-06-21 15:27:45,868 INFO  [Log] Password text box found 
2017-06-21 15:27:45,966 INFO  [Log] Submit button found 
2017-06-21 15:27:50,060 INFO  [Log] Submit button found 
2017-06-21 15:28:06,417 INFO  [Log] Number of courses	:     21 
2017-06-21 15:28:26,699 INFO  [Log] language: English 
2017-06-21 15:28:33,732 INFO  [Log] Select Save File: 
2017-06-21 15:31:49,242 INFO  [Log] Password text box found 
2017-06-21 15:31:49,342 INFO  [Log] Submit button found 
2017-06-21 15:31:53,513 INFO  [Log] Submit button found 
2017-06-21 15:32:12,029 INFO  [Log] Number of courses	:     21 
2017-06-21 15:32:32,312 INFO  [Log] language: English 
2017-06-21 15:32:39,872 INFO  [Log] Select Save File: 
2017-06-21 15:39:29,436 INFO  [Log] Password text box found 
2017-06-21 15:39:29,613 INFO  [Log] Submit button found 
2017-06-21 15:39:33,731 INFO  [Log] Submit button found 
2017-06-21 15:39:51,928 INFO  [Log] Number of courses	:     21 
2017-06-21 15:40:12,370 INFO  [Log] language: English 
2017-06-21 15:40:19,807 INFO  [Log] Select Save File: 
2017-06-21 15:45:09,046 INFO  [Log] Password text box found 
2017-06-21 15:45:09,211 INFO  [Log] Submit button found 
2017-06-21 15:45:13,477 INFO  [Log] Submit button found 
2017-06-21 15:45:15,871 INFO  [Log] Password text box found 
2017-06-21 15:45:16,068 INFO  [Log] Submit button found 
2017-06-21 15:45:20,219 INFO  [Log] Submit button found 
2017-06-21 15:45:31,621 INFO  [Log] Number of courses	:     21 
2017-06-21 15:45:41,533 INFO  [Log] Number of courses	:     21 
2017-06-21 15:45:51,943 INFO  [Log] language: English 
2017-06-21 15:46:00,386 INFO  [Log] Select Save File: 
2017-06-21 15:46:01,849 INFO  [Log] language: English 
2017-06-21 15:46:09,389 INFO  [Log] Select Save File: 
2017-06-21 15:49:42,418 INFO  [Log] Password text box found 
2017-06-21 15:49:42,530 INFO  [Log] Submit button found 
2017-06-21 15:49:46,668 INFO  [Log] Submit button found 
2017-06-21 15:50:07,884 INFO  [Log] Number of courses	:     21 
2017-06-21 15:50:28,229 INFO  [Log] language: English 
2017-06-21 15:50:35,410 INFO  [Log] Select Save File: 
2017-06-21 16:18:47,989 INFO  [Log] Password text box found 
2017-06-21 16:18:48,150 INFO  [Log] Submit button found 
2017-06-21 16:18:52,325 INFO  [Log] Submit button found 
2017-06-21 16:19:10,647 INFO  [Log] Number of courses	:     21 
2017-06-21 16:19:30,943 INFO  [Log] language: English 
2017-06-21 16:19:38,982 INFO  [Log] Select Save File: 
2017-06-22 12:43:59,273 INFO  [Log] Password text box found 
2017-06-22 12:43:59,413 INFO  [Log] Submit button found 
2017-06-22 12:44:03,564 INFO  [Log] Submit button found 
2017-06-22 12:46:12,032 INFO  [Log] Password text box found 
2017-06-22 12:46:12,127 INFO  [Log] Submit button found 
2017-06-22 12:46:16,240 INFO  [Log] Submit button found 
2017-06-22 12:46:59,198 INFO  [Log] language: English 
2017-06-22 12:47:06,789 INFO  [Log] Select Save File: 
2017-06-22 14:07:44,295 INFO  [Log] Password text box found 
2017-06-22 14:07:44,394 INFO  [Log] Submit button found 
2017-06-22 14:07:48,507 INFO  [Log] Submit button found 
2017-06-22 14:08:29,345 INFO  [Log] language: English 
2017-06-22 14:08:40,112 INFO  [Log] Select Save File: 
2017-06-22 14:15:07,198 INFO  [Log] Password text box found 
2017-06-22 14:15:07,295 INFO  [Log] Submit button found 
2017-06-22 14:15:11,392 INFO  [Log] Submit button found 
2017-06-22 14:15:57,478 INFO  [Log] Select Save File: 
2017-06-22 14:24:24,482 INFO  [Log] Password text box found 
2017-06-22 14:24:24,580 INFO  [Log] Submit button found 
2017-06-22 14:24:28,685 INFO  [Log] Submit button found 
2017-06-22 14:25:11,374 INFO  [Log] Select Save File: 
2017-06-22 14:27:27,067 INFO  [Log] Password text box found 
2017-06-22 14:27:27,171 INFO  [Log] Submit button found 
2017-06-22 14:27:31,287 INFO  [Log] Submit button found 
2017-06-22 14:28:18,344 INFO  [Log] Select Save File: 
2017-06-22 14:47:58,947 INFO  [Log] Password text box found 
2017-06-22 14:47:59,046 INFO  [Log] Submit button found 
2017-06-22 14:48:03,142 INFO  [Log] Submit button found 
2017-06-22 14:48:55,708 INFO  [Log] Select Save File: 
2017-06-22 14:55:00,709 INFO  [Log] Password text box found 
2017-06-22 14:55:00,832 INFO  [Log] Submit button found 
2017-06-22 14:55:04,988 INFO  [Log] Submit button found 
2017-06-22 14:55:50,993 INFO  [Log] Select Save File: 
2017-06-22 15:04:18,210 INFO  [Log] Password text box found 
2017-06-22 15:04:18,317 INFO  [Log] Submit button found 
2017-06-22 15:04:22,420 INFO  [Log] Submit button found 
2017-06-22 15:05:09,968 INFO  [Log] Select Save File: 
2017-06-22 15:13:04,903 INFO  [Log] Password text box found 
2017-06-22 15:13:05,093 INFO  [Log] Submit button found 
2017-06-22 15:13:09,265 INFO  [Log] Submit button found 
2017-06-22 15:13:59,328 INFO  [Log] Select Save File: 
2017-06-22 15:23:27,715 INFO  [Log] Password text box found 
2017-06-22 15:24:21,587 INFO  [Log] Password text box found 
2017-06-22 15:24:21,692 INFO  [Log] Submit button found 
2017-06-22 15:24:25,792 INFO  [Log] Submit button found 
2017-06-22 15:25:11,904 INFO  [Log] Select Save File: 
2017-06-22 15:27:48,980 INFO  [Log] Password text box found 
2017-06-22 15:27:49,075 INFO  [Log] Submit button found 
2017-06-22 15:27:53,182 INFO  [Log] Submit button found 
2017-06-22 15:28:35,496 INFO  [Log] Select Save File: 
2017-06-22 15:35:21,783 INFO  [Log] Password text box found 
2017-06-22 15:35:21,885 INFO  [Log] Submit button found 
2017-06-22 15:35:25,996 INFO  [Log] Submit button found 
2017-06-22 15:36:10,654 INFO  [Log] Select Save File: 
2017-06-22 15:40:54,116 INFO  [Log] Password text box found 
2017-06-22 15:40:54,225 INFO  [Log] Submit button found 
2017-06-22 15:40:58,335 INFO  [Log] Submit button found 
2017-06-22 15:41:53,145 INFO  [Log] Password text box found 
2017-06-22 15:41:53,252 INFO  [Log] Submit button found 
2017-06-22 15:41:57,355 INFO  [Log] Submit button found 
2017-06-22 15:42:45,898 INFO  [Log] Select Save File: 
2017-06-22 15:46:49,262 INFO  [Log] Password text box found 
2017-06-22 15:46:49,362 INFO  [Log] Submit button found 
2017-06-22 15:46:53,472 INFO  [Log] Submit button found 
2017-06-22 15:47:38,815 INFO  [Log] Select Save File: 
2017-06-22 15:51:56,938 INFO  [Log] Password text box found 
2017-06-22 15:51:57,040 INFO  [Log] Submit button found 
2017-06-22 15:52:01,140 INFO  [Log] Submit button found 
2017-06-22 15:52:45,430 INFO  [Log] Select Save File: 
2017-06-22 15:58:06,747 INFO  [Log] Password text box found 
2017-06-22 15:58:06,850 INFO  [Log] Submit button found 
2017-06-22 15:58:10,955 INFO  [Log] Submit button found 
2017-06-22 15:59:02,293 INFO  [Log] Select Save File: 
2017-06-22 16:00:45,087 INFO  [Log] Password text box found 
2017-06-22 16:00:45,185 INFO  [Log] Submit button found 
2017-06-22 16:00:49,309 INFO  [Log] Submit button found 
2017-06-22 16:01:38,418 INFO  [Log] Select Save File: 
2017-06-22 16:04:37,561 INFO  [Log] Password text box found 
2017-06-22 16:04:37,664 INFO  [Log] Submit button found 
2017-06-22 16:04:41,764 INFO  [Log] Submit button found 
2017-06-22 16:05:25,509 INFO  [Log] Select Save File: 
2017-06-22 16:08:35,231 INFO  [Log] Password text box found 
2017-06-22 16:08:35,342 INFO  [Log] Submit button found 
2017-06-22 16:08:39,444 INFO  [Log] Submit button found 
2017-06-22 16:09:22,301 INFO  [Log] Select Save File: 
2017-06-22 16:15:01,929 INFO  [Log] Password text box found 
2017-06-22 16:15:02,030 INFO  [Log] Submit button found 
2017-06-22 16:15:06,121 INFO  [Log] Submit button found 
2017-06-22 16:15:53,928 INFO  [Log] Select Save File: 
2017-06-22 16:22:52,641 INFO  [Log] Password text box found 
2017-06-22 16:22:52,738 INFO  [Log] Submit button found 
2017-06-22 16:22:56,840 INFO  [Log] Submit button found 
2017-06-22 16:23:59,320 INFO  [Log] Select Save File: 
2017-06-23 14:33:12,941 INFO  [Log] Password text box found 
2017-06-23 14:33:13,042 INFO  [Log] Submit button found 
2017-06-23 14:33:17,130 INFO  [Log] Submit button found 
2017-06-23 15:42:11,646 INFO  [Log] Password text box found 
2017-06-23 15:42:11,788 INFO  [Log] Submit button found 
2017-06-23 15:42:15,912 INFO  [Log] Submit button found 
2017-06-23 15:46:27,786 INFO  [Log] Password text box found 
2017-06-23 15:46:27,888 INFO  [Log] Submit button found 
2017-06-23 15:46:32,014 INFO  [Log] Submit button found 
2017-06-23 15:47:26,750 INFO  [Log] No packet tracer found 
2017-06-23 15:52:12,250 INFO  [Log] Password text box found 
2017-06-23 15:52:12,437 INFO  [Log] Submit button found 
2017-06-23 15:52:16,611 INFO  [Log] Submit button found 
2017-06-23 15:53:24,239 INFO  [Log] No packet tracer found 
2017-06-23 17:49:15,521 INFO  [Log] Password text box found 
2017-06-23 17:49:15,615 INFO  [Log] Submit button found 
2017-06-23 17:49:19,732 INFO  [Log] Submit button found 
2017-06-23 17:50:27,072 INFO  [Log] No packet tracer found 
2017-06-23 17:55:07,517 INFO  [Log] Password text box found 
2017-06-23 17:55:07,616 INFO  [Log] Submit button found 
2017-06-23 17:55:11,725 INFO  [Log] Submit button found 
2017-06-23 17:56:10,414 INFO  [Log] No packet tracer found 
2017-06-23 18:00:24,470 INFO  [Log] Password text box found 
2017-06-23 18:00:24,569 INFO  [Log] Submit button found 
2017-06-23 18:00:28,664 INFO  [Log] Submit button found 
2017-06-23 18:01:22,806 INFO  [Log] No packet tracer found 
2017-06-23 18:04:11,263 INFO  [Log] Password text box found 
2017-06-23 18:04:11,385 INFO  [Log] Submit button found 
2017-06-23 18:04:15,534 INFO  [Log] Submit button found 
2017-06-23 18:04:41,052 INFO  [Log] Password text box found 
2017-06-23 18:04:41,153 INFO  [Log] Submit button found 
2017-06-23 18:04:45,256 INFO  [Log] Submit button found 
2017-06-23 18:05:36,628 INFO  [Log] No packet tracer found 
2017-06-23 18:06:50,549 INFO  [Log] Password text box found 
2017-06-23 18:06:50,650 INFO  [Log] Submit button found 
2017-06-23 18:06:54,759 INFO  [Log] Submit button found 
2017-06-23 18:07:52,924 INFO  [Log] No packet tracer found 
2017-06-26 12:49:14,139 INFO  [Log] Password text box found 
2017-06-26 12:49:14,272 INFO  [Log] Submit button found 
2017-06-26 12:49:18,447 INFO  [Log] Submit button found 
2017-06-26 12:50:16,926 INFO  [Log] No packet tracer found 
2017-06-26 12:57:27,287 INFO  [Log] Password text box found 
2017-06-26 12:57:27,462 INFO  [Log] Submit button found 
2017-06-26 12:57:31,584 INFO  [Log] Submit button found 
2017-06-26 12:58:26,086 INFO  [Log] No packet tracer found 
2017-06-26 13:09:49,127 INFO  [Log] Password text box found 
2017-06-26 13:09:49,236 INFO  [Log] Submit button found 
2017-06-26 13:09:53,341 INFO  [Log] Submit button found 
2017-06-26 13:10:43,153 INFO  [Log] No packet tracer found 
2017-06-26 13:15:22,402 INFO  [Log] Password text box found 
2017-06-26 13:15:22,504 INFO  [Log] Submit button found 
2017-06-26 13:15:26,615 INFO  [Log] Submit button found 
2017-06-26 13:16:34,192 INFO  [Log] No packet tracer found 
2017-06-26 13:25:39,960 INFO  [Log] Password text box found 
2017-06-26 13:25:40,073 INFO  [Log] Submit button found 
2017-06-26 13:25:44,178 INFO  [Log] Submit button found 
2017-06-26 13:27:00,732 INFO  [Log] No packet tracer found 
2017-06-26 13:28:53,338 INFO  [Log] Password text box found 
2017-06-26 13:28:53,434 INFO  [Log] Submit button found 
2017-06-26 13:28:57,536 INFO  [Log] Submit button found 
2017-06-26 13:31:11,413 INFO  [Log] No packet tracer found 
2017-06-26 13:37:38,460 INFO  [Log] Password text box found 
2017-06-26 13:37:38,623 INFO  [Log] Submit button found 
2017-06-26 13:37:42,804 INFO  [Log] Submit button found 
2017-06-26 13:38:40,278 INFO  [Log] No packet tracer found 
2017-06-26 15:41:18,334 INFO  [Log] Password text box found 
2017-06-26 15:41:18,445 INFO  [Log] Submit button found 
2017-06-26 15:41:22,539 INFO  [Log] Submit button found 
2017-06-26 15:42:16,421 INFO  [Log] No packet tracer found 
2017-06-26 15:48:01,653 INFO  [Log] Password text box found 
2017-06-26 15:48:01,751 INFO  [Log] Submit button found 
2017-06-26 15:48:05,863 INFO  [Log] Submit button found 
2017-06-26 15:48:57,885 INFO  [Log] No packet tracer found 
2017-06-26 15:54:40,329 INFO  [Log] Password text box found 
2017-06-26 15:54:40,434 INFO  [Log] Submit button found 
2017-06-26 15:54:44,558 INFO  [Log] Submit button found 
2017-06-26 15:55:40,010 INFO  [Log] No packet tracer found 
2017-06-26 15:58:33,770 INFO  [Log] Password text box found 
2017-06-26 15:58:33,871 INFO  [Log] Submit button found 
2017-06-26 15:59:20,826 INFO  [Log] Password text box found 
2017-06-26 15:59:20,928 INFO  [Log] Submit button found 
2017-06-26 15:59:25,031 INFO  [Log] Submit button found 
2017-06-26 16:01:54,660 INFO  [Log] Password text box found 
2017-06-26 16:01:54,776 INFO  [Log] Submit button found 
2017-06-26 16:01:58,875 INFO  [Log] Submit button found 
2017-06-26 16:02:52,772 INFO  [Log] No packet tracer found 
2017-06-26 16:05:52,416 INFO  [Log] Password text box found 
2017-06-26 16:05:52,518 INFO  [Log] Submit button found 
2017-06-26 16:05:56,616 INFO  [Log] Submit button found 
2017-06-26 16:06:16,507 INFO  [Log] Number of courses	:      
2017-06-26 16:10:29,713 INFO  [Log] Password text box found 
2017-06-26 16:10:29,816 INFO  [Log] Submit button found 
2017-06-26 16:10:33,930 INFO  [Log] Submit button found 
2017-06-26 16:10:53,256 INFO  [Log] Number of courses	:      
2017-06-26 16:13:54,581 INFO  [Log] Password text box found 
2017-06-26 16:13:54,679 INFO  [Log] Submit button found 
2017-06-26 16:13:58,778 INFO  [Log] Submit button found 
2017-06-26 16:14:54,298 INFO  [Log] No packet tracer found 
2017-06-26 16:19:31,178 INFO  [Log] Password text box found 
2017-06-26 16:19:31,276 INFO  [Log] Submit button found 
2017-06-26 16:19:35,383 INFO  [Log] Submit button found 
2017-06-26 16:20:32,300 INFO  [Log] No packet tracer found 
2017-06-26 16:22:46,954 INFO  [Log] Password text box found 
2017-06-26 16:22:47,055 INFO  [Log] Submit button found 
2017-06-26 16:22:51,180 INFO  [Log] Submit button found 
2017-06-26 16:23:48,077 INFO  [Log] No packet tracer found 
2017-06-26 16:28:25,417 INFO  [Log] Password text box found 
2017-06-26 16:28:25,515 INFO  [Log] Submit button found 
2017-06-26 16:28:29,641 INFO  [Log] Submit button found 
2017-06-26 16:29:23,090 INFO  [Log] No packet tracer found 
2017-06-26 16:51:21,437 INFO  [Log] Password text box found 
2017-06-26 16:51:21,556 INFO  [Log] Submit button found 
2017-06-26 16:51:25,685 INFO  [Log] Submit button found 
2017-06-26 16:52:15,953 INFO  [Log] No packet tracer found 
